<?xml version="1.0" encoding="UTF-8"?>
<testng-results skipped="0" failed="0" ignored="0" total="73" passed="73">
  <reporter-output>
  </reporter-output>
  <suite name="Default suite" duration-ms="251659" started-at="2021-07-30T19:51:55 IST" finished-at="2021-07-30T19:56:07 IST">
    <groups>
    </groups>
    <test name="Default test" duration-ms="251659" started-at="2021-07-30T19:51:55 IST" finished-at="2021-07-30T19:56:07 IST">
      <class name="testpack.sample_Api">
        <test-method status="PASS" signature="abb(java.lang.String)[pri:0, instance:testpack.sample_Api@6b9651f3]" name="abb" duration-ms="21780" started-at="2021-07-30T19:51:56 IST" data-provider="SearchProvider" finished-at="2021-07-30T19:52:18 IST">
          <params>
            <param index="0">
              <value>
                <![CDATA[10.209.90.158]]>
              </value>
            </param>
          </params>
          <reporter-output>
          </reporter-output>
        </test-method> <!-- abb -->
        <test-method status="PASS" signature="abb(java.lang.String)[pri:0, instance:testpack.sample_Api@6b9651f3]" name="abb" duration-ms="7120" started-at="2021-07-30T19:52:18 IST" data-provider="SearchProvider" finished-at="2021-07-30T19:52:25 IST">
          <params>
            <param index="0">
              <value>
                <![CDATA[10.209.90.175]]>
              </value>
            </param>
          </params>
          <reporter-output>
          </reporter-output>
        </test-method> <!-- abb -->
        <test-method status="PASS" signature="abb(java.lang.String)[pri:0, instance:testpack.sample_Api@6b9651f3]" name="abb" duration-ms="10057" started-at="2021-07-30T19:52:25 IST" data-provider="SearchProvider" finished-at="2021-07-30T19:52:35 IST">
          <params>
            <param index="0">
              <value>
                <![CDATA[10.209.94.173]]>
              </value>
            </param>
          </params>
          <reporter-output>
          </reporter-output>
        </test-method> <!-- abb -->
        <test-method status="PASS" signature="abb(java.lang.String)[pri:0, instance:testpack.sample_Api@6b9651f3]" name="abb" duration-ms="11030" started-at="2021-07-30T19:52:35 IST" data-provider="SearchProvider" finished-at="2021-07-30T19:52:46 IST">
          <params>
            <param index="0">
              <value>
                <![CDATA[10.209.94.212]]>
              </value>
            </param>
          </params>
          <reporter-output>
          </reporter-output>
        </test-method> <!-- abb -->
        <test-method status="PASS" signature="abb(java.lang.String)[pri:0, instance:testpack.sample_Api@6b9651f3]" name="abb" duration-ms="10221" started-at="2021-07-30T19:52:46 IST" data-provider="SearchProvider" finished-at="2021-07-30T19:52:56 IST">
          <params>
            <param index="0">
              <value>
                <![CDATA[14.140.207.70]]>
              </value>
            </param>
          </params>
          <reporter-output>
          </reporter-output>
        </test-method> <!-- abb -->
        <test-method status="PASS" signature="abb(java.lang.String)[pri:0, instance:testpack.sample_Api@6b9651f3]" name="abb" duration-ms="64693" started-at="2021-07-30T19:52:56 IST" data-provider="SearchProvider" finished-at="2021-07-30T19:54:01 IST">
          <params>
            <param index="0">
              <value>
                <![CDATA[61.246.255.103]]>
              </value>
            </param>
          </params>
          <reporter-output>
          </reporter-output>
        </test-method> <!-- abb -->
        <test-method status="PASS" signature="abb(java.lang.String)[pri:0, instance:testpack.sample_Api@6b9651f3]" name="abb" duration-ms="8678" started-at="2021-07-30T19:54:01 IST" data-provider="SearchProvider" finished-at="2021-07-30T19:54:09 IST">
          <params>
            <param index="0">
              <value>
                <![CDATA[103.216.81.197]]>
              </value>
            </param>
          </params>
          <reporter-output>
          </reporter-output>
        </test-method> <!-- abb -->
        <test-method status="PASS" signature="abb(java.lang.String)[pri:0, instance:testpack.sample_Api@6b9651f3]" name="abb" duration-ms="10181" started-at="2021-07-30T19:54:09 IST" data-provider="SearchProvider" finished-at="2021-07-30T19:54:20 IST">
          <params>
            <param index="0">
              <value>
                <![CDATA[106.51.14.218]]>
              </value>
            </param>
          </params>
          <reporter-output>
          </reporter-output>
        </test-method> <!-- abb -->
        <test-method status="PASS" signature="abb(java.lang.String)[pri:0, instance:testpack.sample_Api@6b9651f3]" name="abb" duration-ms="16958" started-at="2021-07-30T19:54:20 IST" data-provider="SearchProvider" finished-at="2021-07-30T19:54:37 IST">
          <params>
            <param index="0">
              <value>
                <![CDATA[115.112.201.76]]>
              </value>
            </param>
          </params>
          <reporter-output>
          </reporter-output>
        </test-method> <!-- abb -->
        <test-method status="PASS" signature="abb(java.lang.String)[pri:0, instance:testpack.sample_Api@6b9651f3]" name="abb" duration-ms="8802" started-at="2021-07-30T19:54:37 IST" data-provider="SearchProvider" finished-at="2021-07-30T19:54:45 IST">
          <params>
            <param index="0">
              <value>
                <![CDATA[115.112.202.180]]>
              </value>
            </param>
          </params>
          <reporter-output>
          </reporter-output>
        </test-method> <!-- abb -->
        <test-method status="PASS" signature="abb(java.lang.String)[pri:0, instance:testpack.sample_Api@6b9651f3]" name="abb" duration-ms="8447" started-at="2021-07-30T19:54:45 IST" data-provider="SearchProvider" finished-at="2021-07-30T19:54:54 IST">
          <params>
            <param index="0">
              <value>
                <![CDATA[115.113.159.130]]>
              </value>
            </param>
          </params>
          <reporter-output>
          </reporter-output>
        </test-method> <!-- abb -->
        <test-method status="PASS" signature="abb(java.lang.String)[pri:0, instance:testpack.sample_Api@6b9651f3]" name="abb" duration-ms="9787" started-at="2021-07-30T19:54:54 IST" data-provider="SearchProvider" finished-at="2021-07-30T19:55:04 IST">
          <params>
            <param index="0">
              <value>
                <![CDATA[121.243.51.106]]>
              </value>
            </param>
          </params>
          <reporter-output>
          </reporter-output>
        </test-method> <!-- abb -->
        <test-method status="PASS" signature="abb(java.lang.String)[pri:0, instance:testpack.sample_Api@6b9651f3]" name="abb" duration-ms="10755" started-at="2021-07-30T19:55:04 IST" data-provider="SearchProvider" finished-at="2021-07-30T19:55:14 IST">
          <params>
            <param index="0">
              <value>
                <![CDATA[182.74.209.170]]>
              </value>
            </param>
          </params>
          <reporter-output>
          </reporter-output>
        </test-method> <!-- abb -->
        <test-method status="PASS" signature="abb(java.lang.String)[pri:0, instance:testpack.sample_Api@6b9651f3]" name="abb" duration-ms="38585" started-at="2021-07-30T19:55:14 IST" data-provider="SearchProvider" finished-at="2021-07-30T19:55:53 IST">
          <params>
            <param index="0">
              <value>
                <![CDATA[195.219.248.132]]>
              </value>
            </param>
          </params>
          <reporter-output>
          </reporter-output>
        </test-method> <!-- abb -->
        <test-method status="PASS" signature="abb(java.lang.String)[pri:0, instance:testpack.sample_Api@6b9651f3]" name="abb" duration-ms="250" started-at="2021-07-30T19:55:53 IST" data-provider="SearchProvider" finished-at="2021-07-30T19:55:53 IST">
          <params>
            <param index="0">
              <value>
                <![CDATA[]]>
              </value>
            </param>
          </params>
          <reporter-output>
          </reporter-output>
        </test-method> <!-- abb -->
        <test-method status="PASS" signature="abb(java.lang.String)[pri:0, instance:testpack.sample_Api@6b9651f3]" name="abb" duration-ms="243" started-at="2021-07-30T19:55:53 IST" data-provider="SearchProvider" finished-at="2021-07-30T19:55:53 IST">
          <params>
            <param index="0">
              <value>
                <![CDATA[]]>
              </value>
            </param>
          </params>
          <reporter-output>
          </reporter-output>
        </test-method> <!-- abb -->
        <test-method status="PASS" signature="abb(java.lang.String)[pri:0, instance:testpack.sample_Api@6b9651f3]" name="abb" duration-ms="249" started-at="2021-07-30T19:55:53 IST" data-provider="SearchProvider" finished-at="2021-07-30T19:55:54 IST">
          <params>
            <param index="0">
              <value>
                <![CDATA[]]>
              </value>
            </param>
          </params>
          <reporter-output>
          </reporter-output>
        </test-method> <!-- abb -->
        <test-method status="PASS" signature="abb(java.lang.String)[pri:0, instance:testpack.sample_Api@6b9651f3]" name="abb" duration-ms="431" started-at="2021-07-30T19:55:54 IST" data-provider="SearchProvider" finished-at="2021-07-30T19:55:54 IST">
          <params>
            <param index="0">
              <value>
                <![CDATA[]]>
              </value>
            </param>
          </params>
          <reporter-output>
          </reporter-output>
        </test-method> <!-- abb -->
        <test-method status="PASS" signature="abb(java.lang.String)[pri:0, instance:testpack.sample_Api@6b9651f3]" name="abb" duration-ms="228" started-at="2021-07-30T19:55:54 IST" data-provider="SearchProvider" finished-at="2021-07-30T19:55:54 IST">
          <params>
            <param index="0">
              <value>
                <![CDATA[]]>
              </value>
            </param>
          </params>
          <reporter-output>
          </reporter-output>
        </test-method> <!-- abb -->
        <test-method status="PASS" signature="abb(java.lang.String)[pri:0, instance:testpack.sample_Api@6b9651f3]" name="abb" duration-ms="224" started-at="2021-07-30T19:55:54 IST" data-provider="SearchProvider" finished-at="2021-07-30T19:55:55 IST">
          <params>
            <param index="0">
              <value>
                <![CDATA[]]>
              </value>
            </param>
          </params>
          <reporter-output>
          </reporter-output>
        </test-method> <!-- abb -->
        <test-method status="PASS" signature="abb(java.lang.String)[pri:0, instance:testpack.sample_Api@6b9651f3]" name="abb" duration-ms="240" started-at="2021-07-30T19:55:55 IST" data-provider="SearchProvider" finished-at="2021-07-30T19:55:55 IST">
          <params>
            <param index="0">
              <value>
                <![CDATA[]]>
              </value>
            </param>
          </params>
          <reporter-output>
          </reporter-output>
        </test-method> <!-- abb -->
        <test-method status="PASS" signature="abb(java.lang.String)[pri:0, instance:testpack.sample_Api@6b9651f3]" name="abb" duration-ms="232" started-at="2021-07-30T19:55:55 IST" data-provider="SearchProvider" finished-at="2021-07-30T19:55:55 IST">
          <params>
            <param index="0">
              <value>
                <![CDATA[]]>
              </value>
            </param>
          </params>
          <reporter-output>
          </reporter-output>
        </test-method> <!-- abb -->
        <test-method status="PASS" signature="abb(java.lang.String)[pri:0, instance:testpack.sample_Api@6b9651f3]" name="abb" duration-ms="234" started-at="2021-07-30T19:55:55 IST" data-provider="SearchProvider" finished-at="2021-07-30T19:55:55 IST">
          <params>
            <param index="0">
              <value>
                <![CDATA[]]>
              </value>
            </param>
          </params>
          <reporter-output>
          </reporter-output>
        </test-method> <!-- abb -->
        <test-method status="PASS" signature="abb(java.lang.String)[pri:0, instance:testpack.sample_Api@6b9651f3]" name="abb" duration-ms="206" started-at="2021-07-30T19:55:55 IST" data-provider="SearchProvider" finished-at="2021-07-30T19:55:55 IST">
          <params>
            <param index="0">
              <value>
                <![CDATA[]]>
              </value>
            </param>
          </params>
          <reporter-output>
          </reporter-output>
        </test-method> <!-- abb -->
        <test-method status="PASS" signature="abb(java.lang.String)[pri:0, instance:testpack.sample_Api@6b9651f3]" name="abb" duration-ms="225" started-at="2021-07-30T19:55:55 IST" data-provider="SearchProvider" finished-at="2021-07-30T19:55:56 IST">
          <params>
            <param index="0">
              <value>
                <![CDATA[]]>
              </value>
            </param>
          </params>
          <reporter-output>
          </reporter-output>
        </test-method> <!-- abb -->
        <test-method status="PASS" signature="abb(java.lang.String)[pri:0, instance:testpack.sample_Api@6b9651f3]" name="abb" duration-ms="216" started-at="2021-07-30T19:55:56 IST" data-provider="SearchProvider" finished-at="2021-07-30T19:55:56 IST">
          <params>
            <param index="0">
              <value>
                <![CDATA[]]>
              </value>
            </param>
          </params>
          <reporter-output>
          </reporter-output>
        </test-method> <!-- abb -->
        <test-method status="PASS" signature="abb(java.lang.String)[pri:0, instance:testpack.sample_Api@6b9651f3]" name="abb" duration-ms="243" started-at="2021-07-30T19:55:56 IST" data-provider="SearchProvider" finished-at="2021-07-30T19:55:56 IST">
          <params>
            <param index="0">
              <value>
                <![CDATA[]]>
              </value>
            </param>
          </params>
          <reporter-output>
          </reporter-output>
        </test-method> <!-- abb -->
        <test-method status="PASS" signature="abb(java.lang.String)[pri:0, instance:testpack.sample_Api@6b9651f3]" name="abb" duration-ms="207" started-at="2021-07-30T19:55:56 IST" data-provider="SearchProvider" finished-at="2021-07-30T19:55:56 IST">
          <params>
            <param index="0">
              <value>
                <![CDATA[]]>
              </value>
            </param>
          </params>
          <reporter-output>
          </reporter-output>
        </test-method> <!-- abb -->
        <test-method status="PASS" signature="abb(java.lang.String)[pri:0, instance:testpack.sample_Api@6b9651f3]" name="abb" duration-ms="232" started-at="2021-07-30T19:55:56 IST" data-provider="SearchProvider" finished-at="2021-07-30T19:55:57 IST">
          <params>
            <param index="0">
              <value>
                <![CDATA[]]>
              </value>
            </param>
          </params>
          <reporter-output>
          </reporter-output>
        </test-method> <!-- abb -->
        <test-method status="PASS" signature="abb(java.lang.String)[pri:0, instance:testpack.sample_Api@6b9651f3]" name="abb" duration-ms="232" started-at="2021-07-30T19:55:57 IST" data-provider="SearchProvider" finished-at="2021-07-30T19:55:57 IST">
          <params>
            <param index="0">
              <value>
                <![CDATA[]]>
              </value>
            </param>
          </params>
          <reporter-output>
          </reporter-output>
        </test-method> <!-- abb -->
        <test-method status="PASS" signature="abb(java.lang.String)[pri:0, instance:testpack.sample_Api@6b9651f3]" name="abb" duration-ms="232" started-at="2021-07-30T19:55:57 IST" data-provider="SearchProvider" finished-at="2021-07-30T19:55:57 IST">
          <params>
            <param index="0">
              <value>
                <![CDATA[]]>
              </value>
            </param>
          </params>
          <reporter-output>
          </reporter-output>
        </test-method> <!-- abb -->
        <test-method status="PASS" signature="abb(java.lang.String)[pri:0, instance:testpack.sample_Api@6b9651f3]" name="abb" duration-ms="234" started-at="2021-07-30T19:55:57 IST" data-provider="SearchProvider" finished-at="2021-07-30T19:55:57 IST">
          <params>
            <param index="0">
              <value>
                <![CDATA[]]>
              </value>
            </param>
          </params>
          <reporter-output>
          </reporter-output>
        </test-method> <!-- abb -->
        <test-method status="PASS" signature="abb(java.lang.String)[pri:0, instance:testpack.sample_Api@6b9651f3]" name="abb" duration-ms="221" started-at="2021-07-30T19:55:57 IST" data-provider="SearchProvider" finished-at="2021-07-30T19:55:58 IST">
          <params>
            <param index="0">
              <value>
                <![CDATA[]]>
              </value>
            </param>
          </params>
          <reporter-output>
          </reporter-output>
        </test-method> <!-- abb -->
        <test-method status="PASS" signature="abb(java.lang.String)[pri:0, instance:testpack.sample_Api@6b9651f3]" name="abb" duration-ms="229" started-at="2021-07-30T19:55:58 IST" data-provider="SearchProvider" finished-at="2021-07-30T19:55:58 IST">
          <params>
            <param index="0">
              <value>
                <![CDATA[]]>
              </value>
            </param>
          </params>
          <reporter-output>
          </reporter-output>
        </test-method> <!-- abb -->
        <test-method status="PASS" signature="abb(java.lang.String)[pri:0, instance:testpack.sample_Api@6b9651f3]" name="abb" duration-ms="226" started-at="2021-07-30T19:55:58 IST" data-provider="SearchProvider" finished-at="2021-07-30T19:55:58 IST">
          <params>
            <param index="0">
              <value>
                <![CDATA[]]>
              </value>
            </param>
          </params>
          <reporter-output>
          </reporter-output>
        </test-method> <!-- abb -->
        <test-method status="PASS" signature="abb(java.lang.String)[pri:0, instance:testpack.sample_Api@6b9651f3]" name="abb" duration-ms="209" started-at="2021-07-30T19:55:58 IST" data-provider="SearchProvider" finished-at="2021-07-30T19:55:58 IST">
          <params>
            <param index="0">
              <value>
                <![CDATA[]]>
              </value>
            </param>
          </params>
          <reporter-output>
          </reporter-output>
        </test-method> <!-- abb -->
        <test-method status="PASS" signature="abb(java.lang.String)[pri:0, instance:testpack.sample_Api@6b9651f3]" name="abb" duration-ms="218" started-at="2021-07-30T19:55:58 IST" data-provider="SearchProvider" finished-at="2021-07-30T19:55:58 IST">
          <params>
            <param index="0">
              <value>
                <![CDATA[]]>
              </value>
            </param>
          </params>
          <reporter-output>
          </reporter-output>
        </test-method> <!-- abb -->
        <test-method status="PASS" signature="abb(java.lang.String)[pri:0, instance:testpack.sample_Api@6b9651f3]" name="abb" duration-ms="281" started-at="2021-07-30T19:55:58 IST" data-provider="SearchProvider" finished-at="2021-07-30T19:55:59 IST">
          <params>
            <param index="0">
              <value>
                <![CDATA[]]>
              </value>
            </param>
          </params>
          <reporter-output>
          </reporter-output>
        </test-method> <!-- abb -->
        <test-method status="PASS" signature="abb(java.lang.String)[pri:0, instance:testpack.sample_Api@6b9651f3]" name="abb" duration-ms="226" started-at="2021-07-30T19:55:59 IST" data-provider="SearchProvider" finished-at="2021-07-30T19:55:59 IST">
          <params>
            <param index="0">
              <value>
                <![CDATA[]]>
              </value>
            </param>
          </params>
          <reporter-output>
          </reporter-output>
        </test-method> <!-- abb -->
        <test-method status="PASS" signature="abb(java.lang.String)[pri:0, instance:testpack.sample_Api@6b9651f3]" name="abb" duration-ms="209" started-at="2021-07-30T19:55:59 IST" data-provider="SearchProvider" finished-at="2021-07-30T19:55:59 IST">
          <params>
            <param index="0">
              <value>
                <![CDATA[]]>
              </value>
            </param>
          </params>
          <reporter-output>
          </reporter-output>
        </test-method> <!-- abb -->
        <test-method status="PASS" signature="abb(java.lang.String)[pri:0, instance:testpack.sample_Api@6b9651f3]" name="abb" duration-ms="219" started-at="2021-07-30T19:55:59 IST" data-provider="SearchProvider" finished-at="2021-07-30T19:55:59 IST">
          <params>
            <param index="0">
              <value>
                <![CDATA[]]>
              </value>
            </param>
          </params>
          <reporter-output>
          </reporter-output>
        </test-method> <!-- abb -->
        <test-method status="PASS" signature="abb(java.lang.String)[pri:0, instance:testpack.sample_Api@6b9651f3]" name="abb" duration-ms="211" started-at="2021-07-30T19:55:59 IST" data-provider="SearchProvider" finished-at="2021-07-30T19:56:00 IST">
          <params>
            <param index="0">
              <value>
                <![CDATA[]]>
              </value>
            </param>
          </params>
          <reporter-output>
          </reporter-output>
        </test-method> <!-- abb -->
        <test-method status="PASS" signature="abb(java.lang.String)[pri:0, instance:testpack.sample_Api@6b9651f3]" name="abb" duration-ms="241" started-at="2021-07-30T19:56:00 IST" data-provider="SearchProvider" finished-at="2021-07-30T19:56:00 IST">
          <params>
            <param index="0">
              <value>
                <![CDATA[]]>
              </value>
            </param>
          </params>
          <reporter-output>
          </reporter-output>
        </test-method> <!-- abb -->
        <test-method status="PASS" signature="abb(java.lang.String)[pri:0, instance:testpack.sample_Api@6b9651f3]" name="abb" duration-ms="226" started-at="2021-07-30T19:56:00 IST" data-provider="SearchProvider" finished-at="2021-07-30T19:56:00 IST">
          <params>
            <param index="0">
              <value>
                <![CDATA[]]>
              </value>
            </param>
          </params>
          <reporter-output>
          </reporter-output>
        </test-method> <!-- abb -->
        <test-method status="PASS" signature="abb(java.lang.String)[pri:0, instance:testpack.sample_Api@6b9651f3]" name="abb" duration-ms="228" started-at="2021-07-30T19:56:00 IST" data-provider="SearchProvider" finished-at="2021-07-30T19:56:00 IST">
          <params>
            <param index="0">
              <value>
                <![CDATA[]]>
              </value>
            </param>
          </params>
          <reporter-output>
          </reporter-output>
        </test-method> <!-- abb -->
        <test-method status="PASS" signature="abb(java.lang.String)[pri:0, instance:testpack.sample_Api@6b9651f3]" name="abb" duration-ms="223" started-at="2021-07-30T19:56:00 IST" data-provider="SearchProvider" finished-at="2021-07-30T19:56:00 IST">
          <params>
            <param index="0">
              <value>
                <![CDATA[]]>
              </value>
            </param>
          </params>
          <reporter-output>
          </reporter-output>
        </test-method> <!-- abb -->
        <test-method status="PASS" signature="abb(java.lang.String)[pri:0, instance:testpack.sample_Api@6b9651f3]" name="abb" duration-ms="478" started-at="2021-07-30T19:56:00 IST" data-provider="SearchProvider" finished-at="2021-07-30T19:56:01 IST">
          <params>
            <param index="0">
              <value>
                <![CDATA[]]>
              </value>
            </param>
          </params>
          <reporter-output>
          </reporter-output>
        </test-method> <!-- abb -->
        <test-method status="PASS" signature="abb(java.lang.String)[pri:0, instance:testpack.sample_Api@6b9651f3]" name="abb" duration-ms="222" started-at="2021-07-30T19:56:01 IST" data-provider="SearchProvider" finished-at="2021-07-30T19:56:01 IST">
          <params>
            <param index="0">
              <value>
                <![CDATA[]]>
              </value>
            </param>
          </params>
          <reporter-output>
          </reporter-output>
        </test-method> <!-- abb -->
        <test-method status="PASS" signature="abb(java.lang.String)[pri:0, instance:testpack.sample_Api@6b9651f3]" name="abb" duration-ms="218" started-at="2021-07-30T19:56:01 IST" data-provider="SearchProvider" finished-at="2021-07-30T19:56:01 IST">
          <params>
            <param index="0">
              <value>
                <![CDATA[]]>
              </value>
            </param>
          </params>
          <reporter-output>
          </reporter-output>
        </test-method> <!-- abb -->
        <test-method status="PASS" signature="abb(java.lang.String)[pri:0, instance:testpack.sample_Api@6b9651f3]" name="abb" duration-ms="212" started-at="2021-07-30T19:56:01 IST" data-provider="SearchProvider" finished-at="2021-07-30T19:56:02 IST">
          <params>
            <param index="0">
              <value>
                <![CDATA[]]>
              </value>
            </param>
          </params>
          <reporter-output>
          </reporter-output>
        </test-method> <!-- abb -->
        <test-method status="PASS" signature="abb(java.lang.String)[pri:0, instance:testpack.sample_Api@6b9651f3]" name="abb" duration-ms="199" started-at="2021-07-30T19:56:02 IST" data-provider="SearchProvider" finished-at="2021-07-30T19:56:02 IST">
          <params>
            <param index="0">
              <value>
                <![CDATA[]]>
              </value>
            </param>
          </params>
          <reporter-output>
          </reporter-output>
        </test-method> <!-- abb -->
        <test-method status="PASS" signature="abb(java.lang.String)[pri:0, instance:testpack.sample_Api@6b9651f3]" name="abb" duration-ms="248" started-at="2021-07-30T19:56:02 IST" data-provider="SearchProvider" finished-at="2021-07-30T19:56:02 IST">
          <params>
            <param index="0">
              <value>
                <![CDATA[]]>
              </value>
            </param>
          </params>
          <reporter-output>
          </reporter-output>
        </test-method> <!-- abb -->
        <test-method status="PASS" signature="abb(java.lang.String)[pri:0, instance:testpack.sample_Api@6b9651f3]" name="abb" duration-ms="312" started-at="2021-07-30T19:56:02 IST" data-provider="SearchProvider" finished-at="2021-07-30T19:56:02 IST">
          <params>
            <param index="0">
              <value>
                <![CDATA[]]>
              </value>
            </param>
          </params>
          <reporter-output>
          </reporter-output>
        </test-method> <!-- abb -->
        <test-method status="PASS" signature="abb(java.lang.String)[pri:0, instance:testpack.sample_Api@6b9651f3]" name="abb" duration-ms="211" started-at="2021-07-30T19:56:02 IST" data-provider="SearchProvider" finished-at="2021-07-30T19:56:03 IST">
          <params>
            <param index="0">
              <value>
                <![CDATA[]]>
              </value>
            </param>
          </params>
          <reporter-output>
          </reporter-output>
        </test-method> <!-- abb -->
        <test-method status="PASS" signature="abb(java.lang.String)[pri:0, instance:testpack.sample_Api@6b9651f3]" name="abb" duration-ms="226" started-at="2021-07-30T19:56:03 IST" data-provider="SearchProvider" finished-at="2021-07-30T19:56:03 IST">
          <params>
            <param index="0">
              <value>
                <![CDATA[]]>
              </value>
            </param>
          </params>
          <reporter-output>
          </reporter-output>
        </test-method> <!-- abb -->
        <test-method status="PASS" signature="abb(java.lang.String)[pri:0, instance:testpack.sample_Api@6b9651f3]" name="abb" duration-ms="219" started-at="2021-07-30T19:56:03 IST" data-provider="SearchProvider" finished-at="2021-07-30T19:56:03 IST">
          <params>
            <param index="0">
              <value>
                <![CDATA[]]>
              </value>
            </param>
          </params>
          <reporter-output>
          </reporter-output>
        </test-method> <!-- abb -->
        <test-method status="PASS" signature="abb(java.lang.String)[pri:0, instance:testpack.sample_Api@6b9651f3]" name="abb" duration-ms="230" started-at="2021-07-30T19:56:03 IST" data-provider="SearchProvider" finished-at="2021-07-30T19:56:03 IST">
          <params>
            <param index="0">
              <value>
                <![CDATA[]]>
              </value>
            </param>
          </params>
          <reporter-output>
          </reporter-output>
        </test-method> <!-- abb -->
        <test-method status="PASS" signature="abb(java.lang.String)[pri:0, instance:testpack.sample_Api@6b9651f3]" name="abb" duration-ms="207" started-at="2021-07-30T19:56:03 IST" data-provider="SearchProvider" finished-at="2021-07-30T19:56:03 IST">
          <params>
            <param index="0">
              <value>
                <![CDATA[]]>
              </value>
            </param>
          </params>
          <reporter-output>
          </reporter-output>
        </test-method> <!-- abb -->
        <test-method status="PASS" signature="abb(java.lang.String)[pri:0, instance:testpack.sample_Api@6b9651f3]" name="abb" duration-ms="220" started-at="2021-07-30T19:56:03 IST" data-provider="SearchProvider" finished-at="2021-07-30T19:56:04 IST">
          <params>
            <param index="0">
              <value>
                <![CDATA[]]>
              </value>
            </param>
          </params>
          <reporter-output>
          </reporter-output>
        </test-method> <!-- abb -->
        <test-method status="PASS" signature="abb(java.lang.String)[pri:0, instance:testpack.sample_Api@6b9651f3]" name="abb" duration-ms="233" started-at="2021-07-30T19:56:04 IST" data-provider="SearchProvider" finished-at="2021-07-30T19:56:04 IST">
          <params>
            <param index="0">
              <value>
                <![CDATA[]]>
              </value>
            </param>
          </params>
          <reporter-output>
          </reporter-output>
        </test-method> <!-- abb -->
        <test-method status="PASS" signature="abb(java.lang.String)[pri:0, instance:testpack.sample_Api@6b9651f3]" name="abb" duration-ms="223" started-at="2021-07-30T19:56:04 IST" data-provider="SearchProvider" finished-at="2021-07-30T19:56:04 IST">
          <params>
            <param index="0">
              <value>
                <![CDATA[]]>
              </value>
            </param>
          </params>
          <reporter-output>
          </reporter-output>
        </test-method> <!-- abb -->
        <test-method status="PASS" signature="abb(java.lang.String)[pri:0, instance:testpack.sample_Api@6b9651f3]" name="abb" duration-ms="219" started-at="2021-07-30T19:56:04 IST" data-provider="SearchProvider" finished-at="2021-07-30T19:56:04 IST">
          <params>
            <param index="0">
              <value>
                <![CDATA[]]>
              </value>
            </param>
          </params>
          <reporter-output>
          </reporter-output>
        </test-method> <!-- abb -->
        <test-method status="PASS" signature="abb(java.lang.String)[pri:0, instance:testpack.sample_Api@6b9651f3]" name="abb" duration-ms="204" started-at="2021-07-30T19:56:04 IST" data-provider="SearchProvider" finished-at="2021-07-30T19:56:05 IST">
          <params>
            <param index="0">
              <value>
                <![CDATA[]]>
              </value>
            </param>
          </params>
          <reporter-output>
          </reporter-output>
        </test-method> <!-- abb -->
        <test-method status="PASS" signature="abb(java.lang.String)[pri:0, instance:testpack.sample_Api@6b9651f3]" name="abb" duration-ms="221" started-at="2021-07-30T19:56:05 IST" data-provider="SearchProvider" finished-at="2021-07-30T19:56:05 IST">
          <params>
            <param index="0">
              <value>
                <![CDATA[]]>
              </value>
            </param>
          </params>
          <reporter-output>
          </reporter-output>
        </test-method> <!-- abb -->
        <test-method status="PASS" signature="abb(java.lang.String)[pri:0, instance:testpack.sample_Api@6b9651f3]" name="abb" duration-ms="216" started-at="2021-07-30T19:56:05 IST" data-provider="SearchProvider" finished-at="2021-07-30T19:56:05 IST">
          <params>
            <param index="0">
              <value>
                <![CDATA[]]>
              </value>
            </param>
          </params>
          <reporter-output>
          </reporter-output>
        </test-method> <!-- abb -->
        <test-method status="PASS" signature="abb(java.lang.String)[pri:0, instance:testpack.sample_Api@6b9651f3]" name="abb" duration-ms="227" started-at="2021-07-30T19:56:05 IST" data-provider="SearchProvider" finished-at="2021-07-30T19:56:05 IST">
          <params>
            <param index="0">
              <value>
                <![CDATA[]]>
              </value>
            </param>
          </params>
          <reporter-output>
          </reporter-output>
        </test-method> <!-- abb -->
        <test-method status="PASS" signature="abb(java.lang.String)[pri:0, instance:testpack.sample_Api@6b9651f3]" name="abb" duration-ms="234" started-at="2021-07-30T19:56:05 IST" data-provider="SearchProvider" finished-at="2021-07-30T19:56:05 IST">
          <params>
            <param index="0">
              <value>
                <![CDATA[]]>
              </value>
            </param>
          </params>
          <reporter-output>
          </reporter-output>
        </test-method> <!-- abb -->
        <test-method status="PASS" signature="abb(java.lang.String)[pri:0, instance:testpack.sample_Api@6b9651f3]" name="abb" duration-ms="212" started-at="2021-07-30T19:56:05 IST" data-provider="SearchProvider" finished-at="2021-07-30T19:56:06 IST">
          <params>
            <param index="0">
              <value>
                <![CDATA[]]>
              </value>
            </param>
          </params>
          <reporter-output>
          </reporter-output>
        </test-method> <!-- abb -->
        <test-method status="PASS" signature="abb(java.lang.String)[pri:0, instance:testpack.sample_Api@6b9651f3]" name="abb" duration-ms="231" started-at="2021-07-30T19:56:06 IST" data-provider="SearchProvider" finished-at="2021-07-30T19:56:06 IST">
          <params>
            <param index="0">
              <value>
                <![CDATA[]]>
              </value>
            </param>
          </params>
          <reporter-output>
          </reporter-output>
        </test-method> <!-- abb -->
        <test-method status="PASS" signature="abb(java.lang.String)[pri:0, instance:testpack.sample_Api@6b9651f3]" name="abb" duration-ms="214" started-at="2021-07-30T19:56:06 IST" data-provider="SearchProvider" finished-at="2021-07-30T19:56:06 IST">
          <params>
            <param index="0">
              <value>
                <![CDATA[]]>
              </value>
            </param>
          </params>
          <reporter-output>
          </reporter-output>
        </test-method> <!-- abb -->
        <test-method status="PASS" signature="abb(java.lang.String)[pri:0, instance:testpack.sample_Api@6b9651f3]" name="abb" duration-ms="202" started-at="2021-07-30T19:56:06 IST" data-provider="SearchProvider" finished-at="2021-07-30T19:56:06 IST">
          <params>
            <param index="0">
              <value>
                <![CDATA[]]>
              </value>
            </param>
          </params>
          <reporter-output>
          </reporter-output>
        </test-method> <!-- abb -->
        <test-method status="PASS" signature="abb(java.lang.String)[pri:0, instance:testpack.sample_Api@6b9651f3]" name="abb" duration-ms="217" started-at="2021-07-30T19:56:06 IST" data-provider="SearchProvider" finished-at="2021-07-30T19:56:07 IST">
          <params>
            <param index="0">
              <value>
                <![CDATA[]]>
              </value>
            </param>
          </params>
          <reporter-output>
          </reporter-output>
        </test-method> <!-- abb -->
        <test-method status="PASS" signature="abb(java.lang.String)[pri:0, instance:testpack.sample_Api@6b9651f3]" name="abb" duration-ms="243" started-at="2021-07-30T19:56:07 IST" data-provider="SearchProvider" finished-at="2021-07-30T19:56:07 IST">
          <params>
            <param index="0">
              <value>
                <![CDATA[]]>
              </value>
            </param>
          </params>
          <reporter-output>
          </reporter-output>
        </test-method> <!-- abb -->
      </class> <!-- testpack.sample_Api -->
    </test> <!-- Default test -->
  </suite> <!-- Default suite -->
</testng-results>
