<?xml version="1.0" encoding="UTF-8"?>
<!-- Generated by org.testng.reporters.JUnitXMLReporter -->
<testsuite hostname="TCL60016310651" ignored="0" name="Default test" tests="73" failures="0" timestamp="2021-07-30T19:56:07 IST" time="251.659" errors="0">
  <testcase name="abb" time="21.78" classname="testpack.sample_Api"/>
  <testcase name="abb" time="7.12" classname="testpack.sample_Api"/>
  <testcase name="abb" time="10.057" classname="testpack.sample_Api"/>
  <testcase name="abb" time="11.03" classname="testpack.sample_Api"/>
  <testcase name="abb" time="10.221" classname="testpack.sample_Api"/>
  <testcase name="abb" time="64.693" classname="testpack.sample_Api"/>
  <testcase name="abb" time="8.678" classname="testpack.sample_Api"/>
  <testcase name="abb" time="10.181" classname="testpack.sample_Api"/>
  <testcase name="abb" time="16.958" classname="testpack.sample_Api"/>
  <testcase name="abb" time="8.802" classname="testpack.sample_Api"/>
  <testcase name="abb" time="8.447" classname="testpack.sample_Api"/>
  <testcase name="abb" time="9.787" classname="testpack.sample_Api"/>
  <testcase name="abb" time="10.755" classname="testpack.sample_Api"/>
  <testcase name="abb" time="38.585" classname="testpack.sample_Api"/>
  <testcase name="abb" time="0.25" classname="testpack.sample_Api"/>
  <testcase name="abb" time="0.243" classname="testpack.sample_Api"/>
  <testcase name="abb" time="0.249" classname="testpack.sample_Api"/>
  <testcase name="abb" time="0.431" classname="testpack.sample_Api"/>
  <testcase name="abb" time="0.228" classname="testpack.sample_Api"/>
  <testcase name="abb" time="0.224" classname="testpack.sample_Api"/>
  <testcase name="abb" time="0.24" classname="testpack.sample_Api"/>
  <testcase name="abb" time="0.232" classname="testpack.sample_Api"/>
  <testcase name="abb" time="0.234" classname="testpack.sample_Api"/>
  <testcase name="abb" time="0.206" classname="testpack.sample_Api"/>
  <testcase name="abb" time="0.225" classname="testpack.sample_Api"/>
  <testcase name="abb" time="0.216" classname="testpack.sample_Api"/>
  <testcase name="abb" time="0.243" classname="testpack.sample_Api"/>
  <testcase name="abb" time="0.207" classname="testpack.sample_Api"/>
  <testcase name="abb" time="0.232" classname="testpack.sample_Api"/>
  <testcase name="abb" time="0.232" classname="testpack.sample_Api"/>
  <testcase name="abb" time="0.232" classname="testpack.sample_Api"/>
  <testcase name="abb" time="0.234" classname="testpack.sample_Api"/>
  <testcase name="abb" time="0.221" classname="testpack.sample_Api"/>
  <testcase name="abb" time="0.229" classname="testpack.sample_Api"/>
  <testcase name="abb" time="0.226" classname="testpack.sample_Api"/>
  <testcase name="abb" time="0.209" classname="testpack.sample_Api"/>
  <testcase name="abb" time="0.218" classname="testpack.sample_Api"/>
  <testcase name="abb" time="0.281" classname="testpack.sample_Api"/>
  <testcase name="abb" time="0.226" classname="testpack.sample_Api"/>
  <testcase name="abb" time="0.209" classname="testpack.sample_Api"/>
  <testcase name="abb" time="0.219" classname="testpack.sample_Api"/>
  <testcase name="abb" time="0.211" classname="testpack.sample_Api"/>
  <testcase name="abb" time="0.241" classname="testpack.sample_Api"/>
  <testcase name="abb" time="0.226" classname="testpack.sample_Api"/>
  <testcase name="abb" time="0.228" classname="testpack.sample_Api"/>
  <testcase name="abb" time="0.223" classname="testpack.sample_Api"/>
  <testcase name="abb" time="0.478" classname="testpack.sample_Api"/>
  <testcase name="abb" time="0.222" classname="testpack.sample_Api"/>
  <testcase name="abb" time="0.218" classname="testpack.sample_Api"/>
  <testcase name="abb" time="0.212" classname="testpack.sample_Api"/>
  <testcase name="abb" time="0.199" classname="testpack.sample_Api"/>
  <testcase name="abb" time="0.248" classname="testpack.sample_Api"/>
  <testcase name="abb" time="0.312" classname="testpack.sample_Api"/>
  <testcase name="abb" time="0.211" classname="testpack.sample_Api"/>
  <testcase name="abb" time="0.226" classname="testpack.sample_Api"/>
  <testcase name="abb" time="0.219" classname="testpack.sample_Api"/>
  <testcase name="abb" time="0.23" classname="testpack.sample_Api"/>
  <testcase name="abb" time="0.207" classname="testpack.sample_Api"/>
  <testcase name="abb" time="0.22" classname="testpack.sample_Api"/>
  <testcase name="abb" time="0.233" classname="testpack.sample_Api"/>
  <testcase name="abb" time="0.223" classname="testpack.sample_Api"/>
  <testcase name="abb" time="0.219" classname="testpack.sample_Api"/>
  <testcase name="abb" time="0.204" classname="testpack.sample_Api"/>
  <testcase name="abb" time="0.221" classname="testpack.sample_Api"/>
  <testcase name="abb" time="0.216" classname="testpack.sample_Api"/>
  <testcase name="abb" time="0.227" classname="testpack.sample_Api"/>
  <testcase name="abb" time="0.234" classname="testpack.sample_Api"/>
  <testcase name="abb" time="0.212" classname="testpack.sample_Api"/>
  <testcase name="abb" time="0.231" classname="testpack.sample_Api"/>
  <testcase name="abb" time="0.214" classname="testpack.sample_Api"/>
  <testcase name="abb" time="0.202" classname="testpack.sample_Api"/>
  <testcase name="abb" time="0.217" classname="testpack.sample_Api"/>
  <testcase name="abb" time="0.243" classname="testpack.sample_Api"/>
</testsuite> <!-- Default test -->
